[2025-05-05 01:45:43] AUTH: login by LUPON (lupon) from IP: ::1
[2025-05-05 01:54:18] SYSTEM: view_logs - User viewed logs for type: ALL
[2025-05-05 01:55:47] SYSTEM: view_logs - User viewed logs for type: ALL
[2025-05-05 01:55:50] SYSTEM: view_logs - User viewed logs for type: AUTH
[2025-05-05 01:55:51] SYSTEM: view_logs - User viewed logs for type: ALL
[2025-05-05 01:56:02] SYSTEM: view_logs - User viewed logs for type: ALL
[2025-05-05 01:56:04] SYSTEM: view_logs - User viewed logs for type: ALL
[2025-05-05 01:56:05] SYSTEM: view_logs - User viewed logs for type: ALL
[2025-05-05 01:56:06] SYSTEM: view_logs - User viewed logs for type: ALL
[2025-05-05 01:56:07] SYSTEM: view_logs - User viewed logs for type: ALL
[2025-05-05 01:56:08] SYSTEM: view_logs - User viewed logs for type: ALL
[2025-05-05 01:56:10] SYSTEM: view_logs - User viewed logs for type: ALL
[2025-05-05 01:56:12] SYSTEM: view_logs - User viewed logs for type: ALL
[2025-05-05 01:56:15] SYSTEM: view_logs - User viewed logs for type: ALL
[2025-05-05 01:56:16] SYSTEM: view_logs - User viewed logs for type: ALL
[2025-05-05 01:56:17] SYSTEM: view_logs - User viewed logs for type: ALL
[2025-05-05 01:56:34] SYSTEM: view_logs - User viewed logs for type: ALL
[2025-05-05 01:56:34] SYSTEM: view_logs - User viewed logs for type: ALL
[2025-05-05 01:56:35] SYSTEM: view_logs - User viewed logs for type: ALL
[2025-05-05 01:56:36] SYSTEM: view_logs - User viewed logs for type: ALL
[2025-05-05 01:56:38] SYSTEM: view_logs - User viewed logs for type: ALL
[2025-05-05 01:56:40] SYSTEM: view_logs - User viewed logs for type: ALL
[2025-05-05 01:56:42] SYSTEM: view_logs - User viewed logs for type: ALL
[2025-05-05 01:56:43] SYSTEM: view_logs - User viewed logs for type: ALL
[2025-05-05 01:58:20] SYSTEM: view_logs - User viewed logs for type: ALL
[2025-05-05 01:58:22] SYSTEM: view_logs - User viewed logs for type: ALL
[2025-05-05 01:58:23] SYSTEM: view_logs - User viewed logs for type: ALL
[2025-05-05 01:58:24] SYSTEM: view_logs - User viewed logs for type: ALL
[2025-05-05 01:58:26] SYSTEM: view_logs - User viewed logs for type: ALL
[2025-05-05 01:58:26] SYSTEM: view_logs - User viewed logs for type: ALL
[2025-05-05 01:58:27] SYSTEM: view_logs - User viewed logs for type: ALL
[2025-05-05 01:58:27] SYSTEM: view_logs - User viewed logs for type: ALL
[2025-05-05 01:58:27] SYSTEM: view_logs - User viewed logs for type: ALL
[2025-05-05 01:58:27] SYSTEM: view_logs - User viewed logs for type: ALL
[2025-05-05 01:58:27] SYSTEM: view_logs - User viewed logs for type: ALL
[2025-05-05 01:58:31] SYSTEM: view_logs - User viewed logs for type: ALL
[2025-05-05 01:58:32] SYSTEM: view_logs - User viewed logs for type: ALL
[2025-05-05 01:58:33] SYSTEM: view_logs - User viewed logs for type: ALL
[2025-05-05 01:58:34] SYSTEM: view_logs - User viewed logs for type: ALL
[2025-05-05 01:58:36] SYSTEM: view_logs - User viewed logs for type: AUTH
[2025-05-05 01:58:38] SYSTEM: view_logs - User viewed logs for type: AUTH
[2025-05-05 01:58:44] SYSTEM: view_logs - User viewed logs for type: AUTH
[2025-05-05 01:58:47] SYSTEM: view_logs - User viewed logs for type: CASE
[2025-05-05 01:58:48] SYSTEM: view_logs - User viewed logs for type: AUTH
[2025-05-05 01:58:50] SYSTEM: view_logs - User viewed logs for type: AUTH
[2025-05-05 01:58:50] SYSTEM: view_logs - User viewed logs for type: AUTH
[2025-05-05 01:58:51] SYSTEM: view_logs - User viewed logs for type: AUTH
[2025-05-05 01:58:51] SYSTEM: view_logs - User viewed logs for type: AUTH
[2025-05-05 01:58:51] SYSTEM: view_logs - User viewed logs for type: AUTH
[2025-05-05 01:58:51] SYSTEM: view_logs - User viewed logs for type: AUTH
[2025-05-05 01:58:51] SYSTEM: view_logs - User viewed logs for type: AUTH
[2025-05-05 01:58:52] SYSTEM: view_logs - User viewed logs for type: AUTH
[2025-05-05 01:58:52] SYSTEM: view_logs - User viewed logs for type: AUTH
[2025-05-05 01:58:52] SYSTEM: view_logs - User viewed logs for type: AUTH
[2025-05-05 01:58:53] SYSTEM: view_logs - User viewed logs for type: AUTH
[2025-05-05 01:58:53] SYSTEM: view_logs - User viewed logs for type: AUTH
[2025-05-05 01:58:53] SYSTEM: view_logs - User viewed logs for type: AUTH
[2025-05-05 01:58:53] SYSTEM: view_logs - User viewed logs for type: AUTH
[2025-05-05 01:58:54] SYSTEM: view_logs - User viewed logs for type: AUTH
[2025-05-05 01:58:54] SYSTEM: view_logs - User viewed logs for type: AUTH
[2025-05-05 01:58:54] SYSTEM: view_logs - User viewed logs for type: AUTH
[2025-05-05 01:58:55] SYSTEM: view_logs - User viewed logs for type: AUTH
[2025-05-05 01:59:10] SYSTEM: view_logs - User viewed logs for type: ALL
[2025-05-05 01:59:11] SYSTEM: view_logs - User viewed logs for type: ALL
[2025-05-05 01:59:12] SYSTEM: view_logs - User viewed logs for type: ALL
[2025-05-05 01:59:13] SYSTEM: view_logs - User viewed logs for type: ALL
[2025-05-05 01:59:13] SYSTEM: view_logs - User viewed logs for type: ALL
[2025-05-05 01:59:14] SYSTEM: view_logs - User viewed logs for type: ALL
[2025-05-05 01:59:14] SYSTEM: view_logs - User viewed logs for type: ALL
[2025-05-05 02:01:14] CASE: restore on case #25-010 by LUPON
[2025-05-05 02:01:50] CASE: archive on case #24-001 by LUPON
[2025-05-05 02:02:12] CASE: restore on case #24-001 by LUPON
[2025-05-05 02:02:35] CASE: archive on case #25-010 by LUPON
[2025-05-05 02:07:52] SYSTEM: view_logs - User viewed logs for type: ALL
[2025-05-05 02:07:54] SYSTEM: view_logs - User viewed logs for type: AUTH
[2025-05-05 02:07:55] SYSTEM: view_logs - User viewed logs for type: ALL
[2025-05-05 02:07:55] SYSTEM: view_logs - User viewed logs for type: CASE
[2025-05-05 02:08:00] SYSTEM: view_logs - User viewed logs for type: ALL
[2025-05-05 02:08:07] SYSTEM: view_logs - User viewed logs for type: SYSTEM
[2025-05-05 02:08:07] SYSTEM: view_logs - User viewed logs for type: SYSTEM
[2025-05-05 02:08:08] SYSTEM: view_logs - User viewed logs for type: ALL
[2025-05-05 02:08:12] AUTH: logout by LUPON (lupon) from IP: ::1
[2025-05-05 02:15:27] AUTH: login by LUPON (lupon) from IP: ::1
[2025-05-05 02:29:11] AUTH: login by OFFICIAL (official) from IP: ::1
[2025-05-05 02:30:19] AUTH: login by OFFICIAL (official) from IP: ::1
[2025-05-05 02:51:33] AUTH: logout by OFFICIAL (official) from IP: ::1
[2025-05-05 02:51:39] AUTH: login by LUPON (lupon) from IP: ::1
[2025-05-05 02:51:42] SYSTEM: view_logs - User viewed logs for type: ALL
[2025-05-05 02:52:56] AUTH: logout by LUPON (lupon) from IP: ::1
[2025-05-05 02:53:08] AUTH: login by OFFICIAL (official) from IP: ::1
[2025-05-05 02:54:45] AUTH: logout by OFFICIAL (official) from IP: ::1
[2025-05-05 02:54:50] AUTH: login by LUPON (lupon) from IP: ::1
[2025-05-05 02:55:11] AUTH: logout by LUPON (lupon) from IP: ::1
[2025-05-05 02:55:18] AUTH: login by OFFICIAL (official) from IP: ::1
[2025-05-05 11:10:50] SYSTEM: view_logs - User viewed logs for type: ALL
[2025-05-05 11:10:55] SYSTEM: change_logging_config - Changed logging type to file
[2025-05-05 11:11:00] SYSTEM: view_logs - User viewed logs for type: ALL
[2025-05-05 11:11:09] ERROR: archive_case_failed - Unknown column 'archive_reason' in 'field list'
[2025-05-05 11:11:18] ERROR: archive_case_failed - Unknown column 'archive_reason' in 'field list'
[2025-05-05 11:19:41] SYSTEM: test - Test log entry 2025-05-05 11:19:41
[2025-05-05 11:19:41] SYSTEM: dual_test - Test dual log entry 2025-05-05 11:19:41
[2025-05-05 11:20:42] SYSTEM: db_test - Database logging test 2025-05-05 11:20:42
[2025-05-05 11:21:32] CASE: archive on case #Case #24-001 - irrelevant by LUPON
[2025-05-05 11:21:34] SYSTEM: view_logs - User viewed logs for type: ALL
[2025-05-05 11:21:38] SYSTEM: view_logs - User viewed logs for type: ALL
[2025-05-05 11:21:49] SYSTEM: change_logging_config - Changed logging type to both file and database
[2025-05-05 11:21:53] SYSTEM: view_logs - User viewed logs for type: ALL
[2025-05-05 11:21:56] SYSTEM: view_logs - User viewed logs for type: ALL
[2025-05-05 11:22:00] SYSTEM: view_logs - User viewed logs for type: ALL
[2025-05-05 11:22:01] SYSTEM: view_logs - User viewed logs for type: ALL
[2025-05-05 11:22:02] SYSTEM: view_logs - User viewed logs for type: ALL
[2025-05-05 11:22:02] SYSTEM: view_logs - User viewed logs for type: ALL
[2025-05-05 11:22:04] SYSTEM: view_logs - User viewed logs for type: SYSTEM
[2025-05-05 11:22:05] SYSTEM: view_logs - User viewed logs for type: ERROR
[2025-05-05 11:22:08] SYSTEM: view_logs - User viewed logs for type: SYSTEM
[2025-05-05 11:22:10] SYSTEM: view_logs - User viewed logs for type: AUTH
[2025-05-05 11:22:11] SYSTEM: view_logs - User viewed logs for type: CASE
[2025-05-05 11:22:16] SYSTEM: view_logs - User viewed logs for type: ALL
[2025-05-05 11:22:42] SYSTEM: view_logs - User viewed logs for type: ERROR
[2025-05-05 11:22:46] SYSTEM: view_logs - User viewed logs for type: ALL
[2025-05-05 11:22:50] CASE: restore on case #24-001 by LUPON
[2025-05-05 11:23:05] CASE: archive on case #Case #24-001 - irrelevant - paepal ka mylene\n by LUPON
[2025-05-05 11:23:06] SYSTEM: view_logs - User viewed logs for type: ALL
[2025-05-05 11:23:08] SYSTEM: view_logs - User viewed logs for type: ERROR
[2025-05-05 11:23:09] SYSTEM: view_logs - User viewed logs for type: SYSTEM
[2025-05-05 11:23:11] SYSTEM: view_logs - User viewed logs for type: USER
[2025-05-05 11:23:12] SYSTEM: view_logs - User viewed logs for type: AUTH
[2025-05-05 11:23:13] SYSTEM: view_logs - User viewed logs for type: CASE
[2025-05-05 11:23:20] SYSTEM: view_logs - User viewed logs for type: ALL
[2025-05-05 11:23:21] SYSTEM: view_logs - User viewed logs for type: CASE
[2025-05-05 11:35:34] CASE: archive on case #Case #24-001 - test reason - test notes by TEST_USER
[2025-05-05 11:37:14] SYSTEM: view_logs - User viewed logs for type: CASE
[2025-05-05 11:37:19] SYSTEM: view_logs - User viewed logs for type: CASE
[2025-05-05 11:37:22] SYSTEM: view_logs - User viewed logs for type: ALL
[2025-05-05 11:37:35] CASE: archive on case #Case #24-002 - irrelevant by LUPON
[2025-05-05 11:37:37] SYSTEM: view_logs - User viewed logs for type: ALL
[2025-05-05 11:37:39] SYSTEM: view_logs - User viewed logs for type: DATA
[2025-05-05 11:37:40] SYSTEM: view_logs - User viewed logs for type: SYSTEM
[2025-05-05 11:37:41] SYSTEM: view_logs - User viewed logs for type: CASE
[2025-05-05 11:37:46] SYSTEM: view_logs - User viewed logs for type: AUTH
[2025-05-05 11:37:47] SYSTEM: view_logs - User viewed logs for type: USER
[2025-05-05 11:37:47] SYSTEM: view_logs - User viewed logs for type: DATA
[2025-05-05 11:37:52] SYSTEM: view_logs - User viewed logs for type: SYSTEM
[2025-05-05 11:37:54] SYSTEM: view_logs - User viewed logs for type: ALL
[2025-05-05 11:38:01] SYSTEM: view_logs - User viewed logs for type: ALL
[2025-05-05 11:38:03] SYSTEM: view_logs - User viewed logs for type: ALL
[2025-05-05 11:38:04] SYSTEM: view_logs - User viewed logs for type: ALL
[2025-05-05 11:38:06] SYSTEM: view_logs - User viewed logs for type: ALL
[2025-05-05 11:38:12] SYSTEM: view_logs - User viewed logs for type: ALL with search: view
[2025-05-05 11:38:19] SYSTEM: view_logs - User viewed logs for type: DATA with search: view
[2025-05-05 11:38:20] SYSTEM: view_logs - User viewed logs for type: CASE with search: view
[2025-05-05 11:38:24] SYSTEM: view_logs - User viewed logs for type: CASE with search: view
[2025-05-05 11:38:26] SYSTEM: view_logs - User viewed logs for type: CASE with search: view
[2025-05-05 11:38:28] SYSTEM: view_logs - User viewed logs for type: CASE with search: view
[2025-05-05 11:38:29] SYSTEM: view_logs - User viewed logs for type: ALL with search: view
[2025-05-05 11:38:31] SYSTEM: view_logs - User viewed logs for type: ALL with search: view
[2025-05-05 11:39:12] SYSTEM: view_logs - User viewed logs for type: ALL with search: view
[2025-05-05 11:40:38] CASE: restore on case #24-001 by LUPON
[2025-05-05 11:40:39] SYSTEM: view_logs - User viewed logs for type: ALL
[2025-05-05 11:42:28] SYSTEM: view_logs - User viewed logs for type: CASE
[2025-05-05 11:43:38] SYSTEM: view_logs - User viewed logs for type: ALL
[2025-05-05 11:43:44] SYSTEM: view_logs - User viewed logs for type: ALL
[2025-05-05 11:44:26] SYSTEM: view_logs - User viewed logs for type: ALL
[2025-05-05 11:44:30] SYSTEM: view_logs - User viewed logs for type: ALL
[2025-05-05 11:44:32] SYSTEM: view_logs - User viewed logs for type: ALL
[2025-05-05 11:44:35] SYSTEM: view_logs - User viewed logs for type: ALL
[2025-05-05 11:45:27] CASE: test_action on case on case #TEST-001 by TEST_USER
[2025-05-05 11:45:27] CASE: archive on case on case #TEST-002 by TEST_USER
[2025-05-05 11:45:27] SYSTEM: archive_details - Case #TEST-002 - Reason: Test Archive Reason - Notes: Test Archive Notes
[2025-05-05 11:46:34] SYSTEM: view_logs - User viewed logs for date: 2025-05-05, type: ALL
[2025-05-05 11:46:43] SYSTEM: view_logs - User viewed logs for date: 2025-05-05, type: ALL
[2025-05-05 11:46:46] SYSTEM: view_logs - User viewed logs for all dates, type: ALL
[2025-05-05 11:50:18] SYSTEM: view_logs - User viewed logs for date: 2025-05-05, type: ALL
[2025-05-05 11:57:37] SYSTEM: change_logging_config - Changed logging type to file
[2025-05-05 11:57:48] CASE: archive on case on case #24-001 by LUPON
[2025-05-05 11:57:48] SYSTEM: archive_details - Case #24-001 - Reason: irrelevant - Notes: panget
[2025-05-05 11:58:27] SYSTEM: change_logging_config - Changed logging type to both file and database
[2025-05-05 11:58:40] CASE: archive on case on case #24-003 by LUPON
[2025-05-05 11:58:40] SYSTEM: archive_details - Case #24-003 - Reason: irrelevant - Notes: dsdfsdcsd
[2025-05-05 12:03:56] CASE: restore on case #24-001 by LUPON
[2025-05-05 12:03:58] CASE: restore on case #24-002 by LUPON
[2025-05-05 12:04:00] CASE: restore on case #24-003 by LUPON
[2025-05-05 12:04:02] ERROR: backup_failed - Failed to create backup: 
[2025-05-05 12:05:30] AUTH: logout by LUPON (lupon) from IP: ::1
[2025-05-05 12:05:37] AUTH: login by OFFICIAL (official) from IP: ::1
[2025-05-05 12:06:04] AUTH: logout by OFFICIAL (official) from IP: ::1
[2025-05-05 12:06:21] AUTH: login by LUPON (lupon) from IP: ::1
[2025-05-05 12:06:30] CASE: archive on case on case #24-001 by LUPON
[2025-05-05 12:06:30] SYSTEM: archive_details - Case #24-001 - Reason: irrelevant
[2025-05-05 12:06:39] AUTH: logout by LUPON (lupon) from IP: ::1
[2025-05-05 12:06:44] AUTH: login by OFFICIAL (official) from IP: ::1
[2025-05-05 12:07:02] AUTH: logout by OFFICIAL (official) from IP: ::1
